<?xml version="1.0" encoding="UTF-8"?>
<!-- Generated by org.testng.reporters.JUnitReportReporter -->
<testsuite skipped="0" hostname="ATMECSINLT-002" name="com.atmecs.scripts.ValidateBlog" tests="1" failures="0" timestamp="27 Sep 2019 14:18:07 GMT" time="13.028" errors="0">
  <testcase name="validatebloger" time="13.028" classname="com.atmecs.scripts.ValidateBlog"/>
</testsuite> <!-- com.atmecs.scripts.ValidateBlog -->
