<?xml version="1.0" encoding="UTF-8"?>
<!-- Generated by org.testng.reporters.JUnitReportReporter -->
<testsuite skipped="0" hostname="ATMECSINLT-002" name="com.atmecs.scripts.ValidateFooter" tests="1" failures="0" timestamp="27 Sep 2019 14:18:07 GMT" time="37.283" errors="0">
  <testcase name="footerValidation" time="37.283" classname="com.atmecs.scripts.ValidateFooter"/>
</testsuite> <!-- com.atmecs.scripts.ValidateFooter -->
