<?xml version="1.0" encoding="UTF-8"?>
<!-- Generated by org.testng.reporters.JUnitReportReporter -->
<testsuite skipped="0" hostname="ATMECSINLT-002" name="com.atmecs.pages.CareerPage" tests="1" failures="0" timestamp="26 Sep 2019 11:31:31 GMT" time="6.106" errors="0">
  <testcase name="validateFooterAtCareer" time="6.106" classname="com.atmecs.pages.CareerPage"/>
</testsuite> <!-- com.atmecs.pages.CareerPage -->
