<?xml version="1.0" encoding="UTF-8"?>
<!-- Generated by org.testng.reporters.JUnitReportReporter -->
<testsuite skipped="0" hostname="ATMECSINLT-002" name="com.atmecs.pages.HomePage" tests="1" failures="0" timestamp="26 Sep 2019 10:36:40 GMT" time="7.277" errors="0">
  <testcase name="ValidateHome" time="7.277" classname="com.atmecs.pages.HomePage"/>
</testsuite> <!-- com.atmecs.pages.HomePage -->
