<?xml version="1.0" encoding="UTF-8"?>
<!-- Generated by org.testng.reporters.JUnitReportReporter -->
<testsuite skipped="0" hostname="ATMECSINLT-002" name="com.atmecs.scripts.ValidateContentMenu" tests="1" failures="0" timestamp="27 Sep 2019 14:39:16 GMT" time="5.023" errors="0">
  <testcase name="contentMenuValidation" time="5.023" classname="com.atmecs.scripts.ValidateContentMenu"/>
</testsuite> <!-- com.atmecs.scripts.ValidateContentMenu -->
