<?xml version="1.0" encoding="UTF-8"?>
<!-- Generated by org.testng.reporters.JUnitReportReporter -->
<testsuite skipped="0" hostname="ATMECSINLT-002" name="com.atmecs.pages.AboutUsPage" tests="1" failures="0" timestamp="26 Sep 2019 11:18:50 GMT" time="9.544" errors="0">
  <testcase name="aboutuspage" time="9.544" classname="com.atmecs.pages.AboutUsPage"/>
</testsuite> <!-- com.atmecs.pages.AboutUsPage -->
