<?xml version="1.0" encoding="UTF-8"?>
<!-- Generated by org.testng.reporters.JUnitReportReporter -->
<testsuite skipped="0" hostname="ATMECSINLT-002" name="com.atmecs.scripts.ValidateFooter" tests="1" failures="0" timestamp="30 Sep 2019 13:55:01 GMT" time="55.976" errors="0">
  <testcase name="footerValidation" time="55.976" classname="com.atmecs.scripts.ValidateFooter"/>
</testsuite> <!-- com.atmecs.scripts.ValidateFooter -->
