<?xml version="1.0" encoding="UTF-8"?>
<!-- Generated by org.testng.reporters.JUnitReportReporter -->
<testsuite skipped="0" hostname="ATMECSINLT-002" name="com.atmecs.blogs.Blogs" tests="2" failures="0" timestamp="26 Sep 2019 13:29:31 GMT" time="6.391" errors="0">
  <testcase name="validateFooterAtServices" time="6.358" classname="com.atmecs.blogs.Blogs"/>
  <testcase name="validateBlog" time="0.033" classname="com.atmecs.blogs.Blogs"/>
</testsuite> <!-- com.atmecs.blogs.Blogs -->
