<?xml version="1.0" encoding="UTF-8"?>
<!-- Generated by org.testng.reporters.JUnitReportReporter -->
<testsuite skipped="0" hostname="ATMECSINLT-002" name="com.atmecs.scripts.ValidateContentMenu" tests="1" failures="0" timestamp="30 Sep 2019 13:55:01 GMT" time="3.815" errors="0">
  <testcase name="contentMenuValidation" time="3.815" classname="com.atmecs.scripts.ValidateContentMenu"/>
</testsuite> <!-- com.atmecs.scripts.ValidateContentMenu -->
