<?xml version="1.0" encoding="UTF-8"?>
<!-- Generated by org.testng.reporters.JUnitReportReporter -->
<testsuite skipped="0" hostname="ATMECSINLT-002" name="com.atmecs.scripts.ValidateContentMenu" tests="1" failures="0" timestamp="01 Oct 2019 11:23:50 GMT" time="3.224" errors="0">
  <testcase name="contentMenuValidation" time="3.224" classname="com.atmecs.scripts.ValidateContentMenu"/>
</testsuite> <!-- com.atmecs.scripts.ValidateContentMenu -->
