<?xml version="1.0" encoding="UTF-8"?>
<!-- Generated by org.testng.reporters.JUnitReportReporter -->
<testsuite skipped="0" hostname="ATMECSINLT-002" name="com.atmecs.pages.HomePage2" tests="1" failures="0" timestamp="26 Sep 2019 10:32:38 GMT" time="7.485" errors="0">
  <testcase name="ValidateHome" time="7.485" classname="com.atmecs.pages.HomePage2"/>
</testsuite> <!-- com.atmecs.pages.HomePage2 -->
