<?xml version="1.0" encoding="UTF-8"?>
<!-- Generated by org.testng.reporters.JUnitReportReporter -->
<testsuite skipped="0" hostname="ATMECSINLT-002" name="com.atmecs.scripts.ValidateContentMenu" tests="1" failures="0" timestamp="2019-09-27T19:53:29 IST" time="6.856" errors="0">
  <testcase name="contentMenuValidation" time="6.856" classname="com.atmecs.scripts.ValidateContentMenu"/>
</testsuite> <!-- com.atmecs.scripts.ValidateContentMenu -->
