<?xml version="1.0" encoding="UTF-8"?>
<!-- Generated by org.testng.reporters.JUnitReportReporter -->
<testsuite skipped="0" hostname="ATMECSINLT-002" name="com.atmecs.scripts.ValidateFooter" tests="1" failures="0" timestamp="2019-09-27T19:53:29 IST" time="48.960" errors="0">
  <testcase name="footerValidation" time="48.960" classname="com.atmecs.scripts.ValidateFooter"/>
</testsuite> <!-- com.atmecs.scripts.ValidateFooter -->
