<?xml version="1.0" encoding="UTF-8"?>
<!-- Generated by org.testng.reporters.JUnitReportReporter -->
<testsuite skipped="0" hostname="ATMECSINLT-002" name="com.atmecs.scripts.ValidateBlog" tests="1" failures="0" timestamp="2019-10-01T18:44:39 IST" time="16.746" errors="0">
  <testcase name="validatebloger" time="16.746" classname="com.atmecs.scripts.ValidateBlog"/>
</testsuite> <!-- com.atmecs.scripts.ValidateBlog -->
