<?xml version="1.0" encoding="UTF-8"?>
<!-- Generated by org.testng.reporters.JUnitReportReporter -->
<testsuite skipped="0" hostname="ATMECSINLT-002" name="com.atmecs.scripts.ValidateContentMenu" tests="1" failures="0" timestamp="2019-09-30T19:13:02 IST" time="3.903" errors="0">
  <testcase name="contentMenuValidation" time="3.903" classname="com.atmecs.scripts.ValidateContentMenu"/>
</testsuite> <!-- com.atmecs.scripts.ValidateContentMenu -->
