<?xml version="1.0" encoding="UTF-8"?>
<!-- Generated by org.testng.reporters.JUnitReportReporter -->
<testsuite skipped="0" hostname="ATMECSINLT-002" name="com.atmecs.scripts.ValidateFooter" tests="1" failures="0" timestamp="2019-09-30T19:13:02 IST" time="56.874" errors="0">
  <testcase name="footerValidation" time="56.874" classname="com.atmecs.scripts.ValidateFooter"/>
</testsuite> <!-- com.atmecs.scripts.ValidateFooter -->
